19:40:40 **** Build of configuration Debug for project TP_3 ****
make all 
Building file: ../Controller.c
Invoking: GCC C Compiler
gcc -O0 -g3 -Wall -c -fmessage-length=0 -MMD -MP -MF"Controller.d" -MT"Controller.o" -o "Controller.o" "../Controller.c"
Finished building: ../Controller.c
 
Building file: ../Passenger.c
Invoking: GCC C Compiler
gcc -O0 -g3 -Wall -c -fmessage-length=0 -MMD -MP -MF"Passenger.d" -MT"Passenger.o" -o "Passenger.o" "../Passenger.c"
Finished building: ../Passenger.c
 
Building file: ../UTN.c
Invoking: GCC C Compiler
gcc -O0 -g3 -Wall -c -fmessage-length=0 -MMD -MP -MF"UTN.d" -MT"UTN.o" -o "UTN.o" "../UTN.c"
Finished building: ../UTN.c
 
Building file: ../main.c
Invoking: GCC C Compiler
gcc -O0 -g3 -Wall -c -fmessage-length=0 -MMD -MP -MF"main.d" -MT"main.o" -o "main.o" "../main.c"
Finished building: ../main.c
 
Building file: ../parser.c
Invoking: GCC C Compiler
gcc -O0 -g3 -Wall -c -fmessage-length=0 -MMD -MP -MF"parser.d" -MT"parser.o" -o "parser.o" "../parser.c"
Finished building: ../parser.c
 
Building target: TP_3
Invoking: GCC C Linker
gcc  -o "TP_3"  ./Controller.o ./Passenger.o ./UTN.o ./main.o ./parser.o   /home/miguel/Escritorio/capetaDeLosTPS/TP_Laboratorio_Y_Programacion/claseSabado/LinkedList.a
Finished building target: TP_3
 
19:41:04 **** Incremental Build of configuration Debug for project TP_3 ****
make all 
Building file: ../parser.c
Invoking: GCC C Compiler
gcc -O0 -g3 -Wall -c -fmessage-length=0 -MMD -MP -MF"parser.d" -MT"parser.o" -o "parser.o" "../parser.c"
Finished building: ../parser.c
 
Building target: TP_3
Invoking: GCC C Linker
gcc  -o "TP_3"  ./Controller.o ./Passenger.o ./UTN.o ./main.o ./parser.o   /home/miguel/Escritorio/capetaDeLosTPS/TP_Laboratorio_Y_Programacion/claseSabado/LinkedList.a
Finished building target: TP_3
 
18:54:44 **** Build of configuration Debug for project TP_3 ****
make all 
Building target: TP_3
Invoking: GCC C Linker
gcc  -o "TP_3"  ./Controller.o ./Passenger.o ./UTN.o ./main.o ./parser.o   /home/miguel/Escritorio/capetaDeLosTPS/TP_Laboratorio_Y_Programacion/TP_3/LinkedList.a
Finished building target: TP_3
 
18:54:47 **** Incremental Build of configuration Debug for project TP_3 ****
make all 
make: No se hace nada para 'all'.
